 Entorno virtual activado: /home/younes/Desktop/cyberrange/initial/../openstack-installer/openstack_venv/bin/python
===============================================
 Iniciando generador principal de Terraform
===============================================
 Verificando y corrigiendo scripts locales...
 Corrigiendo generate_provider_from_clouds.sh ...
 Corrigiendo debian-linux.sh ...
 Corrigiendo ubuntu-linux.sh ...
 Corrigiendo flavors.sh ...
 Corrigiendo network_generator.sh ...
 Corrigiendo openstack_full_cleanup.sh ...
 Scripts corregidos y permisos aplicados.

  Antes de generar los archivos Terraform, puedes limpiar completamente tu entorno OpenStack.
¿Deseas ejecutar el script de limpieza total (y/n)?  Ejecutando limpieza completa de OpenStack...
===============================================
  LIMPIEZA COMPLETA DE OPENSTACK
===============================================
¿Seguro que deseas eliminar TODO (y/n)? 
 Eliminando instancias (servers)...
Missing value auth-url required for auth plugin password

 Eliminando volúmenes...
Missing value auth-url required for auth plugin password

 Eliminando routers...
Missing value auth-url required for auth plugin password

 Eliminando subredes...
Missing value auth-url required for auth plugin password

 Eliminando redes...
Missing value auth-url required for auth plugin password

 Eliminando grupos de seguridad...
Missing value auth-url required for auth plugin password

 Eliminando imágenes...
Missing value auth-url required for auth plugin password

 Eliminando sabores (flavors)...
Missing value auth-url required for auth plugin password

 Limpieza completada. Entorno OpenStack vacío.
 Limpieza completada.
 Detectado clouds.yaml en /etc/kolla y script generador.
 Ejecutando /home/younes/Desktop/cyberrange/initial/generate_provider_from_clouds.sh ...
===============================================
 Generador de provider.tf para Kolla-OpenStack
===============================================
 yq ya está instalado.
 Terraform ya está instalado.
 Encontrado /etc/kolla/clouds.yaml
usage: yq [-h] [--yaml-output] [--yaml-roundtrip]
          [--yaml-output-grammar-version {1.1,1.2}] [--width WIDTH]
          [--indentless-lists] [--in-place] [--version]
          [jq_filter] [files ...]
yq: error: argument files: can't open '/etc/kolla/clouds.yaml': [Errno 13] Permission denied: '/etc/kolla/clouds.yaml'
