IP final para Dashboard: 10.0.2.13
URL prevista: https://10.0.2.13
[0/6] Validando estado del sistema APT/DPKG...
[WARN] Se detectaron paquetes residuales en dpkg:
wazuh-dashboard
wazuh-manager wazuh-dashboard      Wazuh dashboard is a user interface and visualization too
 wazuh-manager        Wazuh helps you to gain security visibility into your inf
 wazuh-dashboard      Wazuh dashboard is a user interface and visualization too
 wazuh-manager        Wazuh helps you to gain security visibility into your inf
Aplicando purga agresiva...
[Limpieza previa] Eliminando usuarios y grupos Wazuh
The group `wazuh' does not exist.
The group `wazuh-indexer' does not exist.
The group `wazuh-dashboard' does not exist.
[OK] Sistema apt/dpkg listo. Continuando...
[1/6] Preparando sistema
Hit:1 http://archive.ubuntu.com/ubuntu jammy InRelease
Hit:2 http://archive.ubuntu.com/ubuntu jammy-updates InRelease
Hit:3 http://archive.ubuntu.com/ubuntu jammy-backports InRelease
Hit:4 http://security.ubuntu.com/ubuntu jammy-security InRelease
Reading package lists...
[2/6] Descargando instalador oficial Wazuh
[3/6] Instalando Wazuh (forzado overwrite)
[OK] Instalación oficial completada
[4/6] Extrayendo contraseña admin
[OK] Contraseña extraída correctamente
[5/6] Activando servicios
Synchronizing state of wazuh-indexer.service with SysV service script with /lib/systemd/systemd-sysv-install.
Executing: /lib/systemd/systemd-sysv-install enable wazuh-indexer
[6/6] Validando instalación final
[OK] Wazuh está operativo!

====================================================
 WAZUH INSTALADO CORRECTAMENTE
 Tiempo total: 9m 55s
====================================================
Dashboard: https://10.0.2.13
Usuario: admin
Password: Bg.gy4Y1A.mCN+d5NAIPzX0gpXKaX2Y3
Log instalacion: /tmp/wazuh-install.log
====================================================
