====================================================
 Instalador de Suricata
====================================================
 Floating IP recibida: 10.0.2.173
Interfaz activa detectada: ens3
----------------------------------------------------
 Binario        : /usr/bin/suricata
 Configuraci칩n  : /etc/suricata
 Logs           : /var/log/suricata
----------------------------------------------------
 Suricata ya est치 instalado
 Configuraci칩n existente detectada

====================================================
 Suricata YA est치 instalado
====================================================
 IP: 10.0.2.173
 Interfaz: ens3

 Ejecutar IDS:
   sudo suricata -c /etc/suricata/suricata.yaml -i ens3

 Logs:
   sudo tail -f /var/log/suricata/fast.log
====================================================
